{
  "stats": {
    "suites": 1,
    "tests": 5,
    "passes": 5,
    "pending": 0,
    "failures": 0,
    "start": "2021-01-31T16:40:30.301Z",
    "end": "2021-01-31T16:40:32.684Z",
    "duration": 2383,
    "testsRegistered": 5,
    "passPercent": 100,
    "pendingPercent": 0,
    "other": 0,
    "hasOther": false,
    "skipped": 0,
    "hasSkipped": false
  },
  "results": [
    {
      "uuid": "60d895b2-da6f-4e87-bd31-a52e86f4d522",
      "title": "",
      "fullFile": "cypress\\integration\\AngularMaterial\\03.bottom_sheet.spec.js",
      "file": "cypress\\integration\\AngularMaterial\\03.bottom_sheet.spec.js",
      "beforeHooks": [],
      "afterHooks": [],
      "tests": [],
      "suites": [
        {
          "uuid": "31e0694b-d63b-4a8d-b228-7def9f56d051",
          "title": "bottom_sheet ",
          "fullFile": "",
          "file": "",
          "beforeHooks": [],
          "afterHooks": [],
          "tests": [
            {
              "title": "should load url material.angular.io",
              "fullTitle": "bottom_sheet  should load url material.angular.io",
              "timedOut": null,
              "duration": 628,
              "state": "passed",
              "speed": "slow",
              "pass": true,
              "fail": false,
              "pending": false,
              "context": null,
              "code": "cy.visit('https://material.angular.io/', {\n  timeout: 10000\n});",
              "err": {},
              "uuid": "add53006-f943-456c-b4df-85620d66db6f",
              "parentUUID": "31e0694b-d63b-4a8d-b228-7def9f56d051",
              "isHook": false,
              "skipped": false
            },
            {
              "title": "should run url",
              "fullTitle": "bottom_sheet  should run url",
              "timedOut": null,
              "duration": 32,
              "state": "passed",
              "speed": "fast",
              "pass": true,
              "fail": false,
              "pending": false,
              "context": null,
              "code": "cy.url().should('include', 'material.angular.io');",
              "err": {},
              "uuid": "82d6de73-2d3c-4a7b-a762-fda079fde464",
              "parentUUID": "31e0694b-d63b-4a8d-b228-7def9f56d051",
              "isHook": false,
              "skipped": false
            },
            {
              "title": "should load url for test badge",
              "fullTitle": "bottom_sheet  should load url for test badge",
              "timedOut": null,
              "duration": 248,
              "state": "passed",
              "speed": "slow",
              "pass": true,
              "fail": false,
              "pending": false,
              "context": null,
              "code": "cy.visit('https://material.angular.io/components/bottom-sheet/overview', {\n  timeout: 10000\n});",
              "err": {},
              "uuid": "116df3e0-8915-4f68-bb1a-caac3666073a",
              "parentUUID": "31e0694b-d63b-4a8d-b228-7def9f56d051",
              "isHook": false,
              "skipped": false
            },
            {
              "title": "should click tab example",
              "fullTitle": "bottom_sheet  should click tab example",
              "timedOut": null,
              "duration": 215,
              "state": "passed",
              "speed": "slow",
              "pass": true,
              "fail": false,
              "pending": false,
              "context": null,
              "code": "cy.get('[href=\"/components/bottom-sheet/examples\"]').click();",
              "err": {},
              "uuid": "40947c54-f18c-4537-9786-45316000b691",
              "parentUUID": "31e0694b-d63b-4a8d-b228-7def9f56d051",
              "isHook": false,
              "skipped": false
            },
            {
              "title": "should  click bottom_sheet",
              "fullTitle": "bottom_sheet  should  click bottom_sheet",
              "timedOut": null,
              "duration": 178,
              "state": "passed",
              "speed": "slow",
              "pass": true,
              "fail": false,
              "pending": false,
              "context": null,
              "code": "cy.get('.docs-example-viewer-body > .ng-star-inserted > .mat-focus-indicator > .mat-button-wrapper').click({\n  force: true\n});\ncy.get('[href=\"https://keep.google.com/\"] > .mat-list-item-content > .mat-list-text > :nth-child(1)').click({\n  force: true\n});",
              "err": {},
              "uuid": "b507f9d0-01ba-4a54-bed9-275ad6b74a0c",
              "parentUUID": "31e0694b-d63b-4a8d-b228-7def9f56d051",
              "isHook": false,
              "skipped": false
            }
          ],
          "suites": [],
          "passes": [
            "add53006-f943-456c-b4df-85620d66db6f",
            "82d6de73-2d3c-4a7b-a762-fda079fde464",
            "116df3e0-8915-4f68-bb1a-caac3666073a",
            "40947c54-f18c-4537-9786-45316000b691",
            "b507f9d0-01ba-4a54-bed9-275ad6b74a0c"
          ],
          "failures": [],
          "pending": [],
          "skipped": [],
          "duration": 1301,
          "root": false,
          "rootEmpty": false,
          "_timeout": 2000
        }
      ],
      "passes": [],
      "failures": [],
      "pending": [],
      "skipped": [],
      "duration": 0,
      "root": true,
      "rootEmpty": true,
      "_timeout": 2000
    }
  ],
  "meta": {
    "mocha": {
      "version": "7.0.1"
    },
    "mochawesome": {
      "options": {
        "quiet": false,
        "reportFilename": "mochawesome",
        "saveHtml": false,
        "saveJson": true,
        "consoleReporter": "spec",
        "useInlineDiffs": false,
        "code": true
      },
      "version": "6.2.1"
    },
    "marge": {
      "options": {
        "reportDir": "cypress/report/mochawesome-report",
        "overwrite": false,
        "html": false,
        "json": true,
        "timestamp": "mmddyyyy_HHMMss"
      },
      "version": "5.1.0"
    }
  }
}