{
  "stats": {
    "suites": 5,
    "tests": 3,
    "passes": 0,
    "pending": 3,
    "failures": 0,
    "start": "2021-01-31T16:40:41.114Z",
    "end": "2021-01-31T16:40:41.152Z",
    "duration": 38,
    "testsRegistered": 3,
    "passPercent": null,
    "pendingPercent": 100,
    "other": 0,
    "hasOther": false,
    "skipped": 0,
    "hasSkipped": false
  },
  "results": [
    {
      "uuid": "96fefb4a-9ea8-4d7a-8339-3d22d65b0103",
      "title": "",
      "fullFile": "cypress\\integration\\test\\test2.spec.js",
      "file": "cypress\\integration\\test\\test2.spec.js",
      "beforeHooks": [],
      "afterHooks": [],
      "tests": [],
      "suites": [
        {
          "uuid": "ba43e106-c9fd-4c37-9b1e-2ea3a4ae7d5a",
          "title": "templateTest version 2",
          "fullFile": "",
          "file": "",
          "beforeHooks": [],
          "afterHooks": [],
          "tests": [],
          "suites": [
            {
              "uuid": "f817de65-429b-47a9-8568-98808520a32b",
              "title": "ทดสอบ",
              "fullFile": "",
              "file": "",
              "beforeHooks": [],
              "afterHooks": [],
              "tests": [],
              "suites": [
                {
                  "uuid": "1283a097-86c4-4df4-aa7c-910a8bdf3c5f",
                  "title": "หมวดย่อยเทสเคส :: theteza01",
                  "fullFile": "",
                  "file": "",
                  "beforeHooks": [],
                  "afterHooks": [],
                  "tests": [
                    {
                      "title": "เทสย่อย level:: [object Object]",
                      "fullTitle": "templateTest version 2 ทดสอบ หมวดย่อยเทสเคส :: theteza01 เทสย่อย level:: [object Object]",
                      "timedOut": null,
                      "duration": 0,
                      "state": "pending",
                      "speed": null,
                      "pass": false,
                      "fail": false,
                      "pending": true,
                      "context": null,
                      "code": "",
                      "err": {},
                      "uuid": "f1154966-2f92-4438-a524-f0c9310a6718",
                      "parentUUID": "1283a097-86c4-4df4-aa7c-910a8bdf3c5f",
                      "isHook": false,
                      "skipped": false
                    }
                  ],
                  "suites": [],
                  "passes": [],
                  "failures": [],
                  "pending": [
                    "f1154966-2f92-4438-a524-f0c9310a6718"
                  ],
                  "skipped": [],
                  "duration": 0,
                  "root": false,
                  "rootEmpty": false,
                  "_timeout": 2000
                },
                {
                  "uuid": "179f400a-c8b8-4e95-9b15-3207bb207043",
                  "title": "หมวดย่อยเทสเคส :: theteza02",
                  "fullFile": "",
                  "file": "",
                  "beforeHooks": [],
                  "afterHooks": [],
                  "tests": [
                    {
                      "title": "เทสย่อย level:: [object Object]",
                      "fullTitle": "templateTest version 2 ทดสอบ หมวดย่อยเทสเคส :: theteza02 เทสย่อย level:: [object Object]",
                      "timedOut": null,
                      "duration": 0,
                      "state": "pending",
                      "speed": null,
                      "pass": false,
                      "fail": false,
                      "pending": true,
                      "context": null,
                      "code": "",
                      "err": {},
                      "uuid": "2272dd02-ffe5-4029-ab7b-a91f10aaf356",
                      "parentUUID": "179f400a-c8b8-4e95-9b15-3207bb207043",
                      "isHook": false,
                      "skipped": false
                    }
                  ],
                  "suites": [],
                  "passes": [],
                  "failures": [],
                  "pending": [
                    "2272dd02-ffe5-4029-ab7b-a91f10aaf356"
                  ],
                  "skipped": [],
                  "duration": 0,
                  "root": false,
                  "rootEmpty": false,
                  "_timeout": 2000
                },
                {
                  "uuid": "3180300a-b653-4a2d-af38-be0d7d104fc7",
                  "title": "หมวดย่อยเทสเคส :: theteza03",
                  "fullFile": "",
                  "file": "",
                  "beforeHooks": [],
                  "afterHooks": [],
                  "tests": [
                    {
                      "title": "เทสย่อย level:: [object Object]",
                      "fullTitle": "templateTest version 2 ทดสอบ หมวดย่อยเทสเคส :: theteza03 เทสย่อย level:: [object Object]",
                      "timedOut": null,
                      "duration": 0,
                      "state": "pending",
                      "speed": null,
                      "pass": false,
                      "fail": false,
                      "pending": true,
                      "context": null,
                      "code": "",
                      "err": {},
                      "uuid": "40ad3978-0b00-4d5f-b2c8-23f8cbf30d37",
                      "parentUUID": "3180300a-b653-4a2d-af38-be0d7d104fc7",
                      "isHook": false,
                      "skipped": false
                    }
                  ],
                  "suites": [],
                  "passes": [],
                  "failures": [],
                  "pending": [
                    "40ad3978-0b00-4d5f-b2c8-23f8cbf30d37"
                  ],
                  "skipped": [],
                  "duration": 0,
                  "root": false,
                  "rootEmpty": false,
                  "_timeout": 2000
                }
              ],
              "passes": [],
              "failures": [],
              "pending": [],
              "skipped": [],
              "duration": 0,
              "root": false,
              "rootEmpty": false,
              "_timeout": 2000
            }
          ],
          "passes": [],
          "failures": [],
          "pending": [],
          "skipped": [],
          "duration": 0,
          "root": false,
          "rootEmpty": false,
          "_timeout": 2000
        }
      ],
      "passes": [],
      "failures": [],
      "pending": [],
      "skipped": [],
      "duration": 0,
      "root": true,
      "rootEmpty": true,
      "_timeout": 2000
    }
  ],
  "meta": {
    "mocha": {
      "version": "7.0.1"
    },
    "mochawesome": {
      "options": {
        "quiet": false,
        "reportFilename": "mochawesome",
        "saveHtml": false,
        "saveJson": true,
        "consoleReporter": "spec",
        "useInlineDiffs": false,
        "code": true
      },
      "version": "6.2.1"
    },
    "marge": {
      "options": {
        "reportDir": "cypress/report/mochawesome-report",
        "overwrite": false,
        "html": false,
        "json": true,
        "timestamp": "mmddyyyy_HHMMss"
      },
      "version": "5.1.0"
    }
  }
}