{
  "stats": {
    "suites": 1,
    "tests": 13,
    "passes": 13,
    "pending": 0,
    "failures": 0,
    "start": "2021-01-31T16:40:24.685Z",
    "end": "2021-01-31T16:40:27.651Z",
    "duration": 2966,
    "testsRegistered": 13,
    "passPercent": 100,
    "pendingPercent": 0,
    "other": 0,
    "hasOther": false,
    "skipped": 0,
    "hasSkipped": false
  },
  "results": [
    {
      "uuid": "1f6670be-1687-47e3-a7e0-e67b49a64c6c",
      "title": "",
      "fullFile": "cypress\\integration\\AngularMaterial\\02.badge.spec.js",
      "file": "cypress\\integration\\AngularMaterial\\02.badge.spec.js",
      "beforeHooks": [],
      "afterHooks": [],
      "tests": [],
      "suites": [
        {
          "uuid": "ffc0fa2d-8364-4021-ae33-1a67490919a0",
          "title": "badge ",
          "fullFile": "",
          "file": "",
          "beforeHooks": [],
          "afterHooks": [],
          "tests": [
            {
              "title": "should load url material.angular.io",
              "fullTitle": "badge  should load url material.angular.io",
              "timedOut": null,
              "duration": 614,
              "state": "passed",
              "speed": "slow",
              "pass": true,
              "fail": false,
              "pending": false,
              "context": null,
              "code": "cy.visit('https://material.angular.io/', {\n  timeout: 10000\n});",
              "err": {},
              "uuid": "80109473-d7d9-4f04-8f0d-edaa2f4920e1",
              "parentUUID": "ffc0fa2d-8364-4021-ae33-1a67490919a0",
              "isHook": false,
              "skipped": false
            },
            {
              "title": "should run url",
              "fullTitle": "badge  should run url",
              "timedOut": null,
              "duration": 27,
              "state": "passed",
              "speed": "fast",
              "pass": true,
              "fail": false,
              "pending": false,
              "context": null,
              "code": "cy.url().should('include', 'material.angular.io');",
              "err": {},
              "uuid": "9fcbddcc-960f-4ae3-a7d1-27cd98bc20d5",
              "parentUUID": "ffc0fa2d-8364-4021-ae33-1a67490919a0",
              "isHook": false,
              "skipped": false
            },
            {
              "title": "should load url for test badge",
              "fullTitle": "badge  should load url for test badge",
              "timedOut": null,
              "duration": 316,
              "state": "passed",
              "speed": "slow",
              "pass": true,
              "fail": false,
              "pending": false,
              "context": null,
              "code": "cy.visit('https://material.angular.io/components/badge/overview', {\n  timeout: 10000\n});",
              "err": {},
              "uuid": "f10fb386-ceb6-4f7e-9024-782e51858ff7",
              "parentUUID": "ffc0fa2d-8364-4021-ae33-1a67490919a0",
              "isHook": false,
              "skipped": false
            },
            {
              "title": "should click tab example",
              "fullTitle": "badge  should click tab example",
              "timedOut": null,
              "duration": 242,
              "state": "passed",
              "speed": "slow",
              "pass": true,
              "fail": false,
              "pending": false,
              "context": null,
              "code": "cy.get('[href=\"/components/badge/examples\"]').click();",
              "err": {},
              "uuid": "5d3160fa-78f4-49da-ab99-3b931733f3e5",
              "parentUUID": "ffc0fa2d-8364-4021-ae33-1a67490919a0",
              "isHook": false,
              "skipped": false
            },
            {
              "title": "should expect contain = Text with a badge",
              "fullTitle": "badge  should expect contain = Text with a badge",
              "timedOut": null,
              "duration": 43,
              "state": "passed",
              "speed": "medium",
              "pass": true,
              "fail": false,
              "pending": false,
              "context": null,
              "code": "cy.get(':nth-child(1) > .mat-badge').contains('Text with a badge');",
              "err": {},
              "uuid": "ba44f4ed-8638-40bf-be6a-48718bd14af6",
              "parentUUID": "ffc0fa2d-8364-4021-ae33-1a67490919a0",
              "isHook": false,
              "skipped": false
            },
            {
              "title": "should expect contain = Text with large badge",
              "fullTitle": "badge  should expect contain = Text with large badge",
              "timedOut": null,
              "duration": 18,
              "state": "passed",
              "speed": "fast",
              "pass": true,
              "fail": false,
              "pending": false,
              "context": null,
              "code": "cy.get(':nth-child(2) > .mat-badge').contains('Text with large badge');",
              "err": {},
              "uuid": "972c7ac9-5310-4b1d-854f-44a3478bb5ad",
              "parentUUID": "ffc0fa2d-8364-4021-ae33-1a67490919a0",
              "isHook": false,
              "skipped": false
            },
            {
              "title": "should expect contain = Button with a badge on the left",
              "fullTitle": "badge  should expect contain = Button with a badge on the left",
              "timedOut": null,
              "duration": 19,
              "state": "passed",
              "speed": "fast",
              "pass": true,
              "fail": false,
              "pending": false,
              "context": null,
              "code": "cy.get('.docs-example-viewer-body > .ng-star-inserted > :nth-child(3)').contains('Button with a badge on the left');",
              "err": {},
              "uuid": "42e616bf-ef26-42ab-869f-75b24a8ccf8e",
              "parentUUID": "ffc0fa2d-8364-4021-ae33-1a67490919a0",
              "isHook": false,
              "skipped": false
            },
            {
              "title": "should click Button with a badge on the left",
              "fullTitle": "badge  should click Button with a badge on the left",
              "timedOut": null,
              "duration": 76,
              "state": "passed",
              "speed": "slow",
              "pass": true,
              "fail": false,
              "pending": false,
              "context": null,
              "code": "cy.get('.docs-example-viewer-body > .ng-star-inserted > :nth-child(3) > .mat-focus-indicator > .mat-button-wrapper').click({\n  force: true\n});",
              "err": {},
              "uuid": "588f355e-78a8-40ba-8aa0-ec9376a229c6",
              "parentUUID": "ffc0fa2d-8364-4021-ae33-1a67490919a0",
              "isHook": false,
              "skipped": false
            },
            {
              "title": "should expect contain = Button toggles badge visibility",
              "fullTitle": "badge  should expect contain = Button toggles badge visibility",
              "timedOut": null,
              "duration": 23,
              "state": "passed",
              "speed": "fast",
              "pass": true,
              "fail": false,
              "pending": false,
              "context": null,
              "code": "cy.get('.ng-star-inserted > :nth-child(4)').contains('Button toggles badge visibility');",
              "err": {},
              "uuid": "de688531-2fa6-42a4-ae86-c268c34ca898",
              "parentUUID": "ffc0fa2d-8364-4021-ae33-1a67490919a0",
              "isHook": false,
              "skipped": false
            },
            {
              "title": "should click Button Button toggles badge visibility= hide",
              "fullTitle": "badge  should click Button Button toggles badge visibility= hide",
              "timedOut": null,
              "duration": 70,
              "state": "passed",
              "speed": "medium",
              "pass": true,
              "fail": false,
              "pending": false,
              "context": null,
              "code": "cy.get(':nth-child(4) > .mat-focus-indicator > .mat-button-wrapper').click({\n  force: true\n});",
              "err": {},
              "uuid": "c5663e3a-72ff-49fb-b708-3c03f111f2eb",
              "parentUUID": "ffc0fa2d-8364-4021-ae33-1a67490919a0",
              "isHook": false,
              "skipped": false
            },
            {
              "title": "should click Button Button toggles badge visibility= true",
              "fullTitle": "badge  should click Button Button toggles badge visibility= true",
              "timedOut": null,
              "duration": 75,
              "state": "passed",
              "speed": "medium",
              "pass": true,
              "fail": false,
              "pending": false,
              "context": null,
              "code": "cy.get(':nth-child(4) > .mat-focus-indicator > .mat-button-wrapper').click({\n  force: true\n});",
              "err": {},
              "uuid": "bff30c79-115f-4b38-8585-15fc4a8320cd",
              "parentUUID": "ffc0fa2d-8364-4021-ae33-1a67490919a0",
              "isHook": false,
              "skipped": false
            },
            {
              "title": "should expect contain = Icon with a badge",
              "fullTitle": "badge  should expect contain = Icon with a badge",
              "timedOut": null,
              "duration": 15,
              "state": "passed",
              "speed": "fast",
              "pass": true,
              "fail": false,
              "pending": false,
              "context": null,
              "code": "cy.get('.ng-star-inserted > :nth-child(5)').contains('Icon with a badge');",
              "err": {},
              "uuid": "c741748e-81d8-4dec-ad6b-c3c451f42b19",
              "parentUUID": "ffc0fa2d-8364-4021-ae33-1a67490919a0",
              "isHook": false,
              "skipped": false
            },
            {
              "title": "should expect Icon with a badge=home",
              "fullTitle": "badge  should expect Icon with a badge=home",
              "timedOut": null,
              "duration": 16,
              "state": "passed",
              "speed": "fast",
              "pass": true,
              "fail": false,
              "pending": false,
              "context": null,
              "code": "cy.get(':nth-child(5) > .mat-icon').contains('home');",
              "err": {},
              "uuid": "a20193a9-a407-45d8-88b1-51625c0063b8",
              "parentUUID": "ffc0fa2d-8364-4021-ae33-1a67490919a0",
              "isHook": false,
              "skipped": false
            }
          ],
          "suites": [],
          "passes": [
            "80109473-d7d9-4f04-8f0d-edaa2f4920e1",
            "9fcbddcc-960f-4ae3-a7d1-27cd98bc20d5",
            "f10fb386-ceb6-4f7e-9024-782e51858ff7",
            "5d3160fa-78f4-49da-ab99-3b931733f3e5",
            "ba44f4ed-8638-40bf-be6a-48718bd14af6",
            "972c7ac9-5310-4b1d-854f-44a3478bb5ad",
            "42e616bf-ef26-42ab-869f-75b24a8ccf8e",
            "588f355e-78a8-40ba-8aa0-ec9376a229c6",
            "de688531-2fa6-42a4-ae86-c268c34ca898",
            "c5663e3a-72ff-49fb-b708-3c03f111f2eb",
            "bff30c79-115f-4b38-8585-15fc4a8320cd",
            "c741748e-81d8-4dec-ad6b-c3c451f42b19",
            "a20193a9-a407-45d8-88b1-51625c0063b8"
          ],
          "failures": [],
          "pending": [],
          "skipped": [],
          "duration": 1554,
          "root": false,
          "rootEmpty": false,
          "_timeout": 2000
        }
      ],
      "passes": [],
      "failures": [],
      "pending": [],
      "skipped": [],
      "duration": 0,
      "root": true,
      "rootEmpty": true,
      "_timeout": 2000
    }
  ],
  "meta": {
    "mocha": {
      "version": "7.0.1"
    },
    "mochawesome": {
      "options": {
        "quiet": false,
        "reportFilename": "mochawesome",
        "saveHtml": false,
        "saveJson": true,
        "consoleReporter": "spec",
        "useInlineDiffs": false,
        "code": true
      },
      "version": "6.2.1"
    },
    "marge": {
      "options": {
        "reportDir": "cypress/report/mochawesome-report",
        "overwrite": false,
        "html": false,
        "json": true,
        "timestamp": "mmddyyyy_HHMMss"
      },
      "version": "5.1.0"
    }
  }
}