{
  "stats": {
    "suites": 1,
    "tests": 11,
    "passes": 11,
    "pending": 0,
    "failures": 0,
    "start": "2021-01-31T16:40:15.254Z",
    "end": "2021-01-31T16:40:21.861Z",
    "duration": 6607,
    "testsRegistered": 11,
    "passPercent": 100,
    "pendingPercent": 0,
    "other": 0,
    "hasOther": false,
    "skipped": 0,
    "hasSkipped": false
  },
  "results": [
    {
      "uuid": "aac45c46-01ef-4ff6-9cf1-0318862df84d",
      "title": "",
      "fullFile": "cypress\\integration\\AngularMaterial\\01.autocomplate.spec.js",
      "file": "cypress\\integration\\AngularMaterial\\01.autocomplate.spec.js",
      "beforeHooks": [],
      "afterHooks": [],
      "tests": [],
      "suites": [
        {
          "uuid": "a076ca75-612a-42b6-99d0-11dc44287858",
          "title": "autocomplete ",
          "fullFile": "",
          "file": "",
          "beforeHooks": [],
          "afterHooks": [],
          "tests": [
            {
              "title": "should load url material.angular.io",
              "fullTitle": "autocomplete  should load url material.angular.io",
              "timedOut": null,
              "duration": 1199,
              "state": "passed",
              "speed": "slow",
              "pass": true,
              "fail": false,
              "pending": false,
              "context": null,
              "code": "cy.visit('https://material.angular.io/', {\n  timeout: 10000\n});",
              "err": {},
              "uuid": "8fe091c4-20fa-4dea-acf1-854cb5372670",
              "parentUUID": "a076ca75-612a-42b6-99d0-11dc44287858",
              "isHook": false,
              "skipped": false
            },
            {
              "title": "should run url",
              "fullTitle": "autocomplete  should run url",
              "timedOut": null,
              "duration": 28,
              "state": "passed",
              "speed": "fast",
              "pass": true,
              "fail": false,
              "pending": false,
              "context": null,
              "code": "cy.url().should('include', 'material.angular.io');",
              "err": {},
              "uuid": "9ca76fe1-b552-43eb-a3fc-4d312bc2043e",
              "parentUUID": "a076ca75-612a-42b6-99d0-11dc44287858",
              "isHook": false,
              "skipped": false
            },
            {
              "title": "should load url for test autocomplete",
              "fullTitle": "autocomplete  should load url for test autocomplete",
              "timedOut": null,
              "duration": 352,
              "state": "passed",
              "speed": "slow",
              "pass": true,
              "fail": false,
              "pending": false,
              "context": null,
              "code": "cy.visit('https://material.angular.io/components/autocomplete/overview', {\n  timeout: 10000\n});\ncy.request('https://material.angular.io/components/autocomplete/overview').then(function (response) {\n  expect(response.status).to.eq(200);\n});",
              "err": {},
              "uuid": "81de70dd-b293-433b-9ab4-a56061939361",
              "parentUUID": "a076ca75-612a-42b6-99d0-11dc44287858",
              "isHook": false,
              "skipped": false
            },
            {
              "title": "should click tab example",
              "fullTitle": "autocomplete  should click tab example",
              "timedOut": null,
              "duration": 399,
              "state": "passed",
              "speed": "slow",
              "pass": true,
              "fail": false,
              "pending": false,
              "context": null,
              "code": "cy.get('[href=\"/components/autocomplete/examples\"]').click();",
              "err": {},
              "uuid": "c00c95f3-8f8f-449d-b336-52924ef2e95d",
              "parentUUID": "a076ca75-612a-42b6-99d0-11dc44287858",
              "isHook": false,
              "skipped": false
            },
            {
              "title": "should click autocomplete #mat-input-0",
              "fullTitle": "autocomplete  should click autocomplete #mat-input-0",
              "timedOut": null,
              "duration": 342,
              "state": "passed",
              "speed": "slow",
              "pass": true,
              "fail": false,
              "pending": false,
              "context": null,
              "code": "cy.get('#mat-input-0').click({\n  force: true\n}).type('two');\ncy.get(' .mat-option-text').click({\n  force: true\n});",
              "err": {},
              "uuid": "f20dbdae-60bc-4939-ab40-96578bc164e5",
              "parentUUID": "a076ca75-612a-42b6-99d0-11dc44287858",
              "isHook": false,
              "skipped": false
            },
            {
              "title": "should click autocomplete #mat-input-1",
              "fullTitle": "autocomplete  should click autocomplete #mat-input-1",
              "timedOut": null,
              "duration": 259,
              "state": "passed",
              "speed": "slow",
              "pass": true,
              "fail": false,
              "pending": false,
              "context": null,
              "code": "cy.get('#mat-input-1').click({\n  force: true\n}).type('ig');\ncy.get(' .mat-option-text').click({\n  force: true\n});",
              "err": {},
              "uuid": "253f23b1-e5f6-47fe-9dd6-40c4881d055b",
              "parentUUID": "a076ca75-612a-42b6-99d0-11dc44287858",
              "isHook": false,
              "skipped": false
            },
            {
              "title": "should click autocomplete #mat-input-2",
              "fullTitle": "autocomplete  should click autocomplete #mat-input-2",
              "timedOut": null,
              "duration": 276,
              "state": "passed",
              "speed": "slow",
              "pass": true,
              "fail": false,
              "pending": false,
              "context": null,
              "code": "cy.get('#mat-input-2').click({\n  force: true\n}).type('one');\ncy.get(' .mat-option-text').click({\n  force: true\n});",
              "err": {},
              "uuid": "319f54bc-f7a6-473c-8451-4f0a61db9b98",
              "parentUUID": "a076ca75-612a-42b6-99d0-11dc44287858",
              "isHook": false,
              "skipped": false
            },
            {
              "title": "should click autocomplete #mat-input-3",
              "fullTitle": "autocomplete  should click autocomplete #mat-input-3",
              "timedOut": null,
              "duration": 370,
              "state": "passed",
              "speed": "slow",
              "pass": true,
              "fail": false,
              "pending": false,
              "context": null,
              "code": "cy.get('#mat-input-3').click({\n  force: true\n}).type('Delaware');\ncy.get(' .mat-option-text').click({\n  force: true\n});",
              "err": {},
              "uuid": "dc089f96-a649-47a9-bfbd-98546f9a3372",
              "parentUUID": "a076ca75-612a-42b6-99d0-11dc44287858",
              "isHook": false,
              "skipped": false
            },
            {
              "title": "should click autocomplete #mat-input-4",
              "fullTitle": "autocomplete  should click autocomplete #mat-input-4",
              "timedOut": null,
              "duration": 211,
              "state": "passed",
              "speed": "slow",
              "pass": true,
              "fail": false,
              "pending": false,
              "context": null,
              "code": "cy.get('#mat-input-4').click({\n  force: true\n}).type('f');\ncy.get(' .mat-option-text').click({\n  force: true\n});",
              "err": {},
              "uuid": "18781c0f-0456-43c4-ae88-050c20b645ae",
              "parentUUID": "a076ca75-612a-42b6-99d0-11dc44287858",
              "isHook": false,
              "skipped": false
            },
            {
              "title": "should click autocomplete #mat-input-5",
              "fullTitle": "autocomplete  should click autocomplete #mat-input-5",
              "timedOut": null,
              "duration": 237,
              "state": "passed",
              "speed": "slow",
              "pass": true,
              "fail": false,
              "pending": false,
              "context": null,
              "code": "cy.get('#mat-input-5').click({\n  force: true\n}).type('One');\ncy.get('app-component-viewer.ng-star-inserted').click({\n  force: true\n});",
              "err": {},
              "uuid": "75836bb8-050a-4877-a96f-9b5c336496ce",
              "parentUUID": "a076ca75-612a-42b6-99d0-11dc44287858",
              "isHook": false,
              "skipped": false
            },
            {
              "title": "should click autocomplete #mat-input-6",
              "fullTitle": "autocomplete  should click autocomplete #mat-input-6",
              "timedOut": null,
              "duration": 207,
              "state": "passed",
              "speed": "slow",
              "pass": true,
              "fail": false,
              "pending": false,
              "context": null,
              "code": "cy.get('.example-form > .mat-autocomplete-trigger').click({\n  force: true\n}).type('f');\ncy.get(' .mat-option-text').click({\n  force: true\n});",
              "err": {},
              "uuid": "b79cf65d-f9ff-4386-848d-457a8566c0c3",
              "parentUUID": "a076ca75-612a-42b6-99d0-11dc44287858",
              "isHook": false,
              "skipped": false
            }
          ],
          "suites": [],
          "passes": [
            "8fe091c4-20fa-4dea-acf1-854cb5372670",
            "9ca76fe1-b552-43eb-a3fc-4d312bc2043e",
            "81de70dd-b293-433b-9ab4-a56061939361",
            "c00c95f3-8f8f-449d-b336-52924ef2e95d",
            "f20dbdae-60bc-4939-ab40-96578bc164e5",
            "253f23b1-e5f6-47fe-9dd6-40c4881d055b",
            "319f54bc-f7a6-473c-8451-4f0a61db9b98",
            "dc089f96-a649-47a9-bfbd-98546f9a3372",
            "18781c0f-0456-43c4-ae88-050c20b645ae",
            "75836bb8-050a-4877-a96f-9b5c336496ce",
            "b79cf65d-f9ff-4386-848d-457a8566c0c3"
          ],
          "failures": [],
          "pending": [],
          "skipped": [],
          "duration": 3880,
          "root": false,
          "rootEmpty": false,
          "_timeout": 2000
        }
      ],
      "passes": [],
      "failures": [],
      "pending": [],
      "skipped": [],
      "duration": 0,
      "root": true,
      "rootEmpty": true,
      "_timeout": 2000
    }
  ],
  "meta": {
    "mocha": {
      "version": "7.0.1"
    },
    "mochawesome": {
      "options": {
        "quiet": false,
        "reportFilename": "mochawesome",
        "saveHtml": false,
        "saveJson": true,
        "consoleReporter": "spec",
        "useInlineDiffs": false,
        "code": true
      },
      "version": "6.2.1"
    },
    "marge": {
      "options": {
        "reportDir": "cypress/report/mochawesome-report",
        "overwrite": false,
        "html": false,
        "json": true,
        "timestamp": "mmddyyyy_HHMMss"
      },
      "version": "5.1.0"
    }
  }
}