{
  "stats": {
    "suites": 1,
    "tests": 1,
    "passes": 1,
    "pending": 0,
    "failures": 0,
    "start": "2021-01-31T16:40:45.707Z",
    "end": "2021-01-31T16:40:46.697Z",
    "duration": 990,
    "testsRegistered": 1,
    "passPercent": 100,
    "pendingPercent": 0,
    "other": 0,
    "hasOther": false,
    "skipped": 0,
    "hasSkipped": false
  },
  "results": [
    {
      "uuid": "832f3b8e-e246-418c-b2d4-5c410d64be92",
      "title": "",
      "fullFile": "cypress\\integration\\test\\writefile.spec.js",
      "file": "cypress\\integration\\test\\writefile.spec.js",
      "beforeHooks": [],
      "afterHooks": [],
      "tests": [],
      "suites": [
        {
          "uuid": "e1c89159-9bd5-4299-9cbb-aaf052274ead",
          "title": "Testing the widget",
          "fullFile": "",
          "file": "",
          "beforeHooks": [],
          "afterHooks": [],
          "tests": [
            {
              "title": "Widget does something with AJAX / XHR",
              "fullTitle": "Testing the widget Widget does something with AJAX / XHR",
              "timedOut": null,
              "duration": 967,
              "state": "passed",
              "speed": "slow",
              "pass": true,
              "fail": false,
              "pending": false,
              "context": null,
              "code": "cy.request(\"https://jsonplaceholder.cypress.io/comments\").then(function (response) {\n  // then use the response.body to write a fixture.\n  cy.writeFile(\"cypress/fixtures/response/widget.json\", response.body);\n});",
              "err": {},
              "uuid": "be04f8c2-b3e6-4cce-8905-86e822d992f1",
              "parentUUID": "e1c89159-9bd5-4299-9cbb-aaf052274ead",
              "isHook": false,
              "skipped": false
            }
          ],
          "suites": [],
          "passes": [
            "be04f8c2-b3e6-4cce-8905-86e822d992f1"
          ],
          "failures": [],
          "pending": [],
          "skipped": [],
          "duration": 967,
          "root": false,
          "rootEmpty": false,
          "_timeout": 2000
        }
      ],
      "passes": [],
      "failures": [],
      "pending": [],
      "skipped": [],
      "duration": 0,
      "root": true,
      "rootEmpty": true,
      "_timeout": 2000
    }
  ],
  "meta": {
    "mocha": {
      "version": "7.0.1"
    },
    "mochawesome": {
      "options": {
        "quiet": false,
        "reportFilename": "mochawesome",
        "saveHtml": false,
        "saveJson": true,
        "consoleReporter": "spec",
        "useInlineDiffs": false,
        "code": true
      },
      "version": "6.2.1"
    },
    "marge": {
      "options": {
        "reportDir": "cypress/report/mochawesome-report",
        "overwrite": false,
        "html": false,
        "json": true,
        "timestamp": "mmddyyyy_HHMMss"
      },
      "version": "5.1.0"
    }
  }
}