{
  "stats": {
    "suites": 1,
    "tests": 2,
    "passes": 2,
    "pending": 0,
    "failures": 0,
    "start": "2021-01-31T16:40:35.011Z",
    "end": "2021-01-31T16:40:36.404Z",
    "duration": 1393,
    "testsRegistered": 2,
    "passPercent": 100,
    "pendingPercent": 0,
    "other": 0,
    "hasOther": false,
    "skipped": 0,
    "hasSkipped": false
  },
  "results": [
    {
      "uuid": "dfac7323-a8b9-4964-8d9e-342229756531",
      "title": "",
      "fullFile": "cypress\\integration\\test\\test.platform.spec.js",
      "file": "cypress\\integration\\test\\test.platform.spec.js",
      "beforeHooks": [],
      "afterHooks": [],
      "tests": [],
      "suites": [
        {
          "uuid": "da09efe6-fb9b-4e18-a379-929bfc707620",
          "title": "ทดสอบ platform",
          "fullFile": "",
          "file": "",
          "beforeHooks": [],
          "afterHooks": [],
          "tests": [
            {
              "title": "",
              "fullTitle": "ทดสอบ platform ",
              "timedOut": null,
              "duration": 22,
              "state": "passed",
              "speed": "fast",
              "pass": true,
              "fail": false,
              "pending": false,
              "context": null,
              "code": "expect(Cypress.platform).to.exist;\nexpect(Cypress.version).to.exist;",
              "err": {},
              "uuid": "08298756-8c70-42dc-8a94-a43e9ad8022e",
              "parentUUID": "da09efe6-fb9b-4e18-a379-929bfc707620",
              "isHook": false,
              "skipped": false
            },
            {
              "title": "",
              "fullTitle": "ทดสอบ platform ",
              "timedOut": null,
              "duration": 1347,
              "state": "passed",
              "speed": "slow",
              "pass": true,
              "fail": false,
              "pending": false,
              "context": null,
              "code": "cy.request('https://jsonplaceholder.cypress.io/comments').should(function (response) {\n  expect(response.status).to.eq(200);\n  expect(response.body).to.have.length(500);\n  expect(response).to.have.property('headers');\n  expect(response).to.have.property('duration');\n});",
              "err": {},
              "uuid": "714acb1f-3eec-40df-a80d-9fc8479c7b72",
              "parentUUID": "da09efe6-fb9b-4e18-a379-929bfc707620",
              "isHook": false,
              "skipped": false
            }
          ],
          "suites": [],
          "passes": [
            "08298756-8c70-42dc-8a94-a43e9ad8022e",
            "714acb1f-3eec-40df-a80d-9fc8479c7b72"
          ],
          "failures": [],
          "pending": [],
          "skipped": [],
          "duration": 1369,
          "root": false,
          "rootEmpty": false,
          "_timeout": 2000
        }
      ],
      "passes": [],
      "failures": [],
      "pending": [],
      "skipped": [],
      "duration": 0,
      "root": true,
      "rootEmpty": true,
      "_timeout": 2000
    }
  ],
  "meta": {
    "mocha": {
      "version": "7.0.1"
    },
    "mochawesome": {
      "options": {
        "quiet": false,
        "reportFilename": "mochawesome",
        "saveHtml": false,
        "saveJson": true,
        "consoleReporter": "spec",
        "useInlineDiffs": false,
        "code": true
      },
      "version": "6.2.1"
    },
    "marge": {
      "options": {
        "reportDir": "cypress/report/mochawesome-report",
        "overwrite": false,
        "html": false,
        "json": true,
        "timestamp": "mmddyyyy_HHMMss"
      },
      "version": "5.1.0"
    }
  }
}