{
  "stats": {
    "suites": 11,
    "tests": 10,
    "passes": 0,
    "pending": 10,
    "failures": 0,
    "start": "2021-01-31T16:40:43.520Z",
    "end": "2021-01-31T16:40:43.627Z",
    "duration": 107,
    "testsRegistered": 10,
    "passPercent": null,
    "pendingPercent": 100,
    "other": 0,
    "hasOther": false,
    "skipped": 0,
    "hasSkipped": false
  },
  "results": [
    {
      "uuid": "2ee06cf9-31ea-48ec-982a-ecf7b8ca7418",
      "title": "",
      "fullFile": "cypress\\integration\\test\\test3.spec.js",
      "file": "cypress\\integration\\test\\test3.spec.js",
      "beforeHooks": [],
      "afterHooks": [],
      "tests": [],
      "suites": [
        {
          "uuid": "31bb47d8-26d6-419a-a666-31d69a5c7a4b",
          "title": "TestLogin",
          "fullFile": "",
          "file": "",
          "beforeHooks": [],
          "afterHooks": [],
          "tests": [],
          "suites": [
            {
              "uuid": "6ab2ae90-f443-4d98-a530-613ec99302e6",
              "title": "test case by user :: Bret",
              "fullFile": "",
              "file": "",
              "beforeHooks": [],
              "afterHooks": [],
              "tests": [
                {
                  "title": "เทสย่อย level:: Bret",
                  "fullTitle": "TestLogin test case by user :: Bret เทสย่อย level:: Bret",
                  "timedOut": null,
                  "duration": 0,
                  "state": "pending",
                  "speed": null,
                  "pass": false,
                  "fail": false,
                  "pending": true,
                  "context": null,
                  "code": "",
                  "err": {},
                  "uuid": "aa147eb1-f606-4e41-b5b3-b25e9779c78d",
                  "parentUUID": "6ab2ae90-f443-4d98-a530-613ec99302e6",
                  "isHook": false,
                  "skipped": false
                }
              ],
              "suites": [],
              "passes": [],
              "failures": [],
              "pending": [
                "aa147eb1-f606-4e41-b5b3-b25e9779c78d"
              ],
              "skipped": [],
              "duration": 0,
              "root": false,
              "rootEmpty": false,
              "_timeout": 2000
            },
            {
              "uuid": "a3fe930d-035c-43cc-a787-32b0d716f3f1",
              "title": "test case by user :: Antonette",
              "fullFile": "",
              "file": "",
              "beforeHooks": [],
              "afterHooks": [],
              "tests": [
                {
                  "title": "เทสย่อย level:: Antonette",
                  "fullTitle": "TestLogin test case by user :: Antonette เทสย่อย level:: Antonette",
                  "timedOut": null,
                  "duration": 0,
                  "state": "pending",
                  "speed": null,
                  "pass": false,
                  "fail": false,
                  "pending": true,
                  "context": null,
                  "code": "",
                  "err": {},
                  "uuid": "673b8345-ab6f-45c4-8111-cd11bf9ed5d7",
                  "parentUUID": "a3fe930d-035c-43cc-a787-32b0d716f3f1",
                  "isHook": false,
                  "skipped": false
                }
              ],
              "suites": [],
              "passes": [],
              "failures": [],
              "pending": [
                "673b8345-ab6f-45c4-8111-cd11bf9ed5d7"
              ],
              "skipped": [],
              "duration": 0,
              "root": false,
              "rootEmpty": false,
              "_timeout": 2000
            },
            {
              "uuid": "e63b3cf5-f177-4ebf-aed5-aa5a5a004228",
              "title": "test case by user :: Samantha",
              "fullFile": "",
              "file": "",
              "beforeHooks": [],
              "afterHooks": [],
              "tests": [
                {
                  "title": "เทสย่อย level:: Samantha",
                  "fullTitle": "TestLogin test case by user :: Samantha เทสย่อย level:: Samantha",
                  "timedOut": null,
                  "duration": 0,
                  "state": "pending",
                  "speed": null,
                  "pass": false,
                  "fail": false,
                  "pending": true,
                  "context": null,
                  "code": "",
                  "err": {},
                  "uuid": "f58deabc-f5b5-4b0d-b475-d2ccbc5509bb",
                  "parentUUID": "e63b3cf5-f177-4ebf-aed5-aa5a5a004228",
                  "isHook": false,
                  "skipped": false
                }
              ],
              "suites": [],
              "passes": [],
              "failures": [],
              "pending": [
                "f58deabc-f5b5-4b0d-b475-d2ccbc5509bb"
              ],
              "skipped": [],
              "duration": 0,
              "root": false,
              "rootEmpty": false,
              "_timeout": 2000
            },
            {
              "uuid": "c74fe8c7-1f3e-4a47-ad3b-6f05acb68d7d",
              "title": "test case by user :: Karianne",
              "fullFile": "",
              "file": "",
              "beforeHooks": [],
              "afterHooks": [],
              "tests": [
                {
                  "title": "เทสย่อย level:: Karianne",
                  "fullTitle": "TestLogin test case by user :: Karianne เทสย่อย level:: Karianne",
                  "timedOut": null,
                  "duration": 0,
                  "state": "pending",
                  "speed": null,
                  "pass": false,
                  "fail": false,
                  "pending": true,
                  "context": null,
                  "code": "",
                  "err": {},
                  "uuid": "5dccecc6-e3f5-463a-a381-c2ceafc48d8c",
                  "parentUUID": "c74fe8c7-1f3e-4a47-ad3b-6f05acb68d7d",
                  "isHook": false,
                  "skipped": false
                }
              ],
              "suites": [],
              "passes": [],
              "failures": [],
              "pending": [
                "5dccecc6-e3f5-463a-a381-c2ceafc48d8c"
              ],
              "skipped": [],
              "duration": 0,
              "root": false,
              "rootEmpty": false,
              "_timeout": 2000
            },
            {
              "uuid": "2cf60d57-cd54-48aa-abd7-4ebd22ea773e",
              "title": "test case by user :: Kamren",
              "fullFile": "",
              "file": "",
              "beforeHooks": [],
              "afterHooks": [],
              "tests": [
                {
                  "title": "เทสย่อย level:: Kamren",
                  "fullTitle": "TestLogin test case by user :: Kamren เทสย่อย level:: Kamren",
                  "timedOut": null,
                  "duration": 0,
                  "state": "pending",
                  "speed": null,
                  "pass": false,
                  "fail": false,
                  "pending": true,
                  "context": null,
                  "code": "",
                  "err": {},
                  "uuid": "3bbc57d2-8f0d-42c4-a756-37515e9b600f",
                  "parentUUID": "2cf60d57-cd54-48aa-abd7-4ebd22ea773e",
                  "isHook": false,
                  "skipped": false
                }
              ],
              "suites": [],
              "passes": [],
              "failures": [],
              "pending": [
                "3bbc57d2-8f0d-42c4-a756-37515e9b600f"
              ],
              "skipped": [],
              "duration": 0,
              "root": false,
              "rootEmpty": false,
              "_timeout": 2000
            },
            {
              "uuid": "eddd3964-f49c-4bf1-94ca-0622575bcd25",
              "title": "test case by user :: Leopoldo_Corkery",
              "fullFile": "",
              "file": "",
              "beforeHooks": [],
              "afterHooks": [],
              "tests": [
                {
                  "title": "เทสย่อย level:: Leopoldo_Corkery",
                  "fullTitle": "TestLogin test case by user :: Leopoldo_Corkery เทสย่อย level:: Leopoldo_Corkery",
                  "timedOut": null,
                  "duration": 0,
                  "state": "pending",
                  "speed": null,
                  "pass": false,
                  "fail": false,
                  "pending": true,
                  "context": null,
                  "code": "",
                  "err": {},
                  "uuid": "a1d2e925-1deb-4b99-8aa8-78e9e9f95600",
                  "parentUUID": "eddd3964-f49c-4bf1-94ca-0622575bcd25",
                  "isHook": false,
                  "skipped": false
                }
              ],
              "suites": [],
              "passes": [],
              "failures": [],
              "pending": [
                "a1d2e925-1deb-4b99-8aa8-78e9e9f95600"
              ],
              "skipped": [],
              "duration": 0,
              "root": false,
              "rootEmpty": false,
              "_timeout": 2000
            },
            {
              "uuid": "ee64475f-9ae7-4fc5-a92a-fa6d333dfbce",
              "title": "test case by user :: Elwyn.Skiles",
              "fullFile": "",
              "file": "",
              "beforeHooks": [],
              "afterHooks": [],
              "tests": [
                {
                  "title": "เทสย่อย level:: Elwyn.Skiles",
                  "fullTitle": "TestLogin test case by user :: Elwyn.Skiles เทสย่อย level:: Elwyn.Skiles",
                  "timedOut": null,
                  "duration": 0,
                  "state": "pending",
                  "speed": null,
                  "pass": false,
                  "fail": false,
                  "pending": true,
                  "context": null,
                  "code": "",
                  "err": {},
                  "uuid": "0f8e53b6-021b-4971-9cdb-082b6ec96765",
                  "parentUUID": "ee64475f-9ae7-4fc5-a92a-fa6d333dfbce",
                  "isHook": false,
                  "skipped": false
                }
              ],
              "suites": [],
              "passes": [],
              "failures": [],
              "pending": [
                "0f8e53b6-021b-4971-9cdb-082b6ec96765"
              ],
              "skipped": [],
              "duration": 0,
              "root": false,
              "rootEmpty": false,
              "_timeout": 2000
            },
            {
              "uuid": "fcc2b0f0-a91a-48aa-8d2b-ab9c9a8bc2fc",
              "title": "test case by user :: Maxime_Nienow",
              "fullFile": "",
              "file": "",
              "beforeHooks": [],
              "afterHooks": [],
              "tests": [
                {
                  "title": "เทสย่อย level:: Maxime_Nienow",
                  "fullTitle": "TestLogin test case by user :: Maxime_Nienow เทสย่อย level:: Maxime_Nienow",
                  "timedOut": null,
                  "duration": 0,
                  "state": "pending",
                  "speed": null,
                  "pass": false,
                  "fail": false,
                  "pending": true,
                  "context": null,
                  "code": "",
                  "err": {},
                  "uuid": "aad2be42-3443-4497-aa85-51a0417fd783",
                  "parentUUID": "fcc2b0f0-a91a-48aa-8d2b-ab9c9a8bc2fc",
                  "isHook": false,
                  "skipped": false
                }
              ],
              "suites": [],
              "passes": [],
              "failures": [],
              "pending": [
                "aad2be42-3443-4497-aa85-51a0417fd783"
              ],
              "skipped": [],
              "duration": 0,
              "root": false,
              "rootEmpty": false,
              "_timeout": 2000
            },
            {
              "uuid": "54c538cb-d608-4d4f-bacd-67ed5d59d19f",
              "title": "test case by user :: Delphine",
              "fullFile": "",
              "file": "",
              "beforeHooks": [],
              "afterHooks": [],
              "tests": [
                {
                  "title": "เทสย่อย level:: Delphine",
                  "fullTitle": "TestLogin test case by user :: Delphine เทสย่อย level:: Delphine",
                  "timedOut": null,
                  "duration": 0,
                  "state": "pending",
                  "speed": null,
                  "pass": false,
                  "fail": false,
                  "pending": true,
                  "context": null,
                  "code": "",
                  "err": {},
                  "uuid": "b698ed05-424c-41a1-89cc-ea82c073bf3b",
                  "parentUUID": "54c538cb-d608-4d4f-bacd-67ed5d59d19f",
                  "isHook": false,
                  "skipped": false
                }
              ],
              "suites": [],
              "passes": [],
              "failures": [],
              "pending": [
                "b698ed05-424c-41a1-89cc-ea82c073bf3b"
              ],
              "skipped": [],
              "duration": 0,
              "root": false,
              "rootEmpty": false,
              "_timeout": 2000
            },
            {
              "uuid": "e2096a3f-6d23-45fe-b3b8-80e35da8bf3e",
              "title": "test case by user :: Moriah.Stanton",
              "fullFile": "",
              "file": "",
              "beforeHooks": [],
              "afterHooks": [],
              "tests": [
                {
                  "title": "เทสย่อย level:: Moriah.Stanton",
                  "fullTitle": "TestLogin test case by user :: Moriah.Stanton เทสย่อย level:: Moriah.Stanton",
                  "timedOut": null,
                  "duration": 0,
                  "state": "pending",
                  "speed": null,
                  "pass": false,
                  "fail": false,
                  "pending": true,
                  "context": null,
                  "code": "",
                  "err": {},
                  "uuid": "1b9dd1eb-0920-4118-b98c-db3129cf9442",
                  "parentUUID": "e2096a3f-6d23-45fe-b3b8-80e35da8bf3e",
                  "isHook": false,
                  "skipped": false
                }
              ],
              "suites": [],
              "passes": [],
              "failures": [],
              "pending": [
                "1b9dd1eb-0920-4118-b98c-db3129cf9442"
              ],
              "skipped": [],
              "duration": 0,
              "root": false,
              "rootEmpty": false,
              "_timeout": 2000
            }
          ],
          "passes": [],
          "failures": [],
          "pending": [],
          "skipped": [],
          "duration": 0,
          "root": false,
          "rootEmpty": false,
          "_timeout": 2000
        }
      ],
      "passes": [],
      "failures": [],
      "pending": [],
      "skipped": [],
      "duration": 0,
      "root": true,
      "rootEmpty": true,
      "_timeout": 2000
    }
  ],
  "meta": {
    "mocha": {
      "version": "7.0.1"
    },
    "mochawesome": {
      "options": {
        "quiet": false,
        "reportFilename": "mochawesome",
        "saveHtml": false,
        "saveJson": true,
        "consoleReporter": "spec",
        "useInlineDiffs": false,
        "code": true
      },
      "version": "6.2.1"
    },
    "marge": {
      "options": {
        "reportDir": "cypress/report/mochawesome-report",
        "overwrite": false,
        "html": false,
        "json": true,
        "timestamp": "mmddyyyy_HHMMss"
      },
      "version": "5.1.0"
    }
  }
}